<?xml version="1.0" encoding="UTF-8"?>
<!-- Generated by org.testng.reporters.JUnitReportReporter -->
<testsuite skipped="0" hostname="VarshaS" name="com.flipkart.keyword.TestCase1" tests="1" failures="0" timestamp="04 Mar 2020 17:08:17 GMT" time="44.891" errors="0">
  <testcase name="Tc_01" time="44.891" classname="com.flipkart.keyword.TestCase1"/>
</testsuite> <!-- com.flipkart.keyword.TestCase1 -->
